** sample client: start trace
** Date: 2018-04-27
**
22:43:08.469Z|5|95A97E0* Ctor UaSession
22:43:08.469Z|4|95A97E0* CALL OpcUa_Channel_Create
22:43:08.469Z|4|95A97E0* DONE OpcUa_Channel_Create [ret=0x0]
22:43:08.469Z|6|95A97E0* --> UaSession::connect URL=opc.tcp://localhost:48010 [Session=1]
22:43:08.469Z|6|95A97E0* --> UaSessionPrivate::connectChannel
22:43:08.469Z|4|95A97E0* CALL OpcUa_Channel_Connect
22:43:08.469Z|4|95A97E0* [uastack] OpcUa_Channel_Connect: async state 0x0x20768c0
22:43:08.469Z|4|95A97E0* [uastack] OpcUa_P_ParseUrl: Hostname detected!
22:43:08.469Z|4|95A97E0* [uastack] OpcUa_P_ParseUrl: Trying to resolve host "localhost" port "48010" to address family 0.
22:43:08.469Z|4|90A2700* [uastack] NetworkThread: Message Loop started...
22:43:08.470Z|4|95A97E0* [uastack] OpcUa_P_ParseUrl: 0: Resolved to IPv4 address family.
22:43:08.470Z|4|95A97E0* [uastack] OpcUa_P_ParseUrl: 0: Numeric representation of resolved address is 127.0.0.1.
22:43:08.470Z|4|95A97E0* [uastack] OpcUa_P_ParseUrl: 1: Resolved to IPv6 address family.
22:43:08.470Z|4|95A97E0* [uastack] OpcUa_P_ParseUrl: 1: Numeric representation of resolved address is ::1.
22:43:08.470Z|4|90A2700* [uastack]  * OpcUa_TcpConnection_SocketCallback: Socket(20792c0), Port(42972), Data(34050384), Event(OPCUA_SOCKET_CONNECT_EVENT)
22:43:08.470Z|4|90A2700* [uastack] OpcUa_TcpConnection_ConnectEventHandler: Transport connection established to 127.0.0.1:48010 on socket 20792C0!
22:43:08.470Z|4|90A2700* [uastack] Requesting: SB:65536 RB:65536
22:43:08.470Z|4|90A2700* [uastack] OpcUa_TcpStream_Flush: Flush no. 1 with 5000 max flushes and final flag 1!
22:43:08.470Z|4|90A2700* [uastack] OpcUa_TcpStream_Flush: Messagelength is 57! Last Call!
22:43:08.471Z|4|90A2700* [uastack] OpcUa_TcpStream_Flush: Buffer emptied!
22:43:08.471Z|4|90A2700* [uastack]  * OpcUa_TcpConnection_SocketCallback: Event Handler returned.
22:43:08.471Z|4|90A2700* [uastack]  * OpcUa_TcpConnection_SocketCallback: Socket(20792c0), Port(42972), Data(34050384), Event(OPCUA_SOCKET_READ_EVENT)
22:43:08.471Z|4|90A2700* [uastack] OpcUa_TcpStream_DataReady: Read 8 bytes.
22:43:08.471Z|4|90A2700* [uastack] OpcUa_TcpStream_DataReady: Read 20 bytes.
22:43:08.471Z|4|90A2700* [uastack] OpcUa_TcpStream_DataReady: total 28 bytes (20 last) of 20 (w/o header) received.
22:43:08.471Z|4|90A2700* [uastack] OpcUa_TcpConnection_ReadEventHandler: MessageType ACKNOWLEDGE
22:43:08.471Z|4|90A2700* [uastack] Set:       SB:65536 RB:65536
22:43:08.471Z|4|90A2700* [uastack] OpcUa_SecureConnection_OnNotify: Connect event: Trying to open secure channel.
22:43:08.471Z|4|90A2700* [uastack] OpcUa_SecureConnection_AddPendingRequest: Added request with Id 1 and no timeout
22:43:08.471Z|4|90A2700* [uastack] OpcUa_TcpStream_Flush: Flush no. 1 with 5000 max flushes and final flag 1!
22:43:08.471Z|4|90A2700* [uastack] OpcUa_TcpStream_Flush: Messagelength is 133! Last Call!
22:43:08.471Z|4|90A2700* [uastack] OpcUa_TcpStream_Flush: Buffer emptied!
22:43:08.471Z|4|90A2700* [uastack] OpcUa_SecureStream_Flush: Flush number 0! (Last)
22:43:08.471Z|4|90A2700* [uastack]  * OpcUa_TcpConnection_SocketCallback: Event Handler returned.
22:43:08.471Z|4|90A2700* [uastack]  * OpcUa_TcpConnection_SocketCallback: Socket(20792c0), Port(42972), Data(34050384), Event(OPCUA_SOCKET_READ_EVENT)
22:43:08.472Z|4|90A2700* [uastack] OpcUa_TcpStream_DataReady: Read 8 bytes.
22:43:08.472Z|4|90A2700* [uastack] OpcUa_TcpStream_DataReady: Read 128 bytes.
22:43:08.472Z|4|90A2700* [uastack] OpcUa_TcpStream_DataReady: total 136 bytes (128 last) of 128 (w/o header) received.
22:43:08.472Z|4|90A2700* [uastack] OpcUa_TcpConnection_ReadEventHandler: MessageType MESSAGE
22:43:08.472Z|4|90A2700* [uastack] SecureStream - CheckInputHeaderType - OpenSecureChannel Service
22:43:08.472Z|4|90A2700* [uastack] ProcessOpenSecureChannelResponse: SID 382157620, SURI "http://opcfoundation.org/UA/SecurityPolicy#None"
22:43:08.472Z|4|90A2700* [uastack] OpcUa_SecureStream_AppendInput: Appending buffer at index 0 with data 0x0x7f9004010bb0!
22:43:08.472Z|4|90A2700* [uastack] OpcUa_SecureStream_AppendInput: appended chunk with SN 51, RID 1
22:43:08.472Z|4|90A2700* [uastack] OpcUa_SecureStream_Read: end of buffer reached: 1 requested, 0 available in buffer; need to skip)!
22:43:08.472Z|4|90A2700* [uastack] OpcUa_Channel_OnNotify: Underlying connection raised connect event with status 0x00000000!
22:43:08.472Z|4|90A2700* [uastack] OpcUa_Channel_OnNotify: Notifying application!
22:43:08.472Z|4|90A2700* [uastack] OpcUa_Channel_InternalConnectComplete called with event "Connect" (async state 0x0x20768c0, status 0x00000000)!
22:43:08.472Z|4|90A2700* [uastack] OpcUa_Channel_OnNotify: Notifying application done!
22:43:08.472Z|4|95A97E0* DONE OpcUa_Channel_Connect [ret=0x0]
22:43:08.472Z|4|90A2700* [uastack]  * OpcUa_TcpConnection_SocketCallback: Event Handler returned.
22:43:08.472Z|6|95A97E0* <-- UaSessionPrivate::connectChannel [ret=0x0]
22:43:08.472Z|6|95A97E0* --> UaSessionPrivate::createSession
22:43:08.472Z|4|95A97E0* CALL OpcUa_ClientApi_CreateSession
22:43:08.472Z|4|95A97E0* [uastack] OpcUa_SecureConnection_BeginSendRequest: 1 streams now active at channel 382157620
22:43:08.472Z|4|95A97E0* [uastack] GetCurrentSecuritySet: Current Keysets requested. Returned token id is 1
22:43:08.472Z|4|95A97E0* [uastack] ReleaseSecurityKeyset: Keyset for token 1 released.
22:43:08.472Z|4|95A97E0* [uastack] OpcUa_Channel_InvokeService: async state 0x0x20768c0
22:43:08.472Z|4|95A97E0* [uastack] OpcUa_SecureConnection_AddPendingRequest: Added request with Id 2 and timeout 5000 msec
22:43:08.472Z|4|95A97E0* [uastack] OpcUa_SecureConnection_EndSendRequest: ID 2
22:43:08.472Z|4|95A97E0* [uastack] OpcUa_SecureConnection_EndSendRequest: 0 stream remaining at channel 382157620!
22:43:08.472Z|4|95A97E0* [uastack] GetCurrentSecuritySet: Current Keysets requested. Returned token id is 1
22:43:08.472Z|4|95A97E0* [uastack] GetCurrentSecuritySet: Current Keysets requested. Returned token id is 1
22:43:08.472Z|4|95A97E0* [uastack] ReleaseSecurityKeyset: Keyset for token 1 released.
22:43:08.472Z|4|95A97E0* [uastack] ReleaseSecurityKeyset: Keyset for token 1 released.
22:43:08.472Z|4|95A97E0* [uastack] OpcUa_TcpStream_Flush: Flush no. 1 with 5000 max flushes and final flag 1!
22:43:08.473Z|4|95A97E0* [uastack] OpcUa_TcpStream_Flush: Messagelength is 1843! Last Call!
22:43:08.473Z|4|95A97E0* [uastack] OpcUa_TcpStream_Flush: Buffer emptied!
22:43:08.473Z|4|95A97E0* [uastack] OpcUa_SecureStream_Flush: Flush number 0! (Last)
22:43:08.473Z|4|90A2700* [uastack]  * OpcUa_TcpConnection_SocketCallback: Socket(20792c0), Port(42972), Data(34050384), Event(OPCUA_SOCKET_READ_EVENT)
22:43:08.473Z|4|90A2700* [uastack] OpcUa_TcpStream_DataReady: Read 8 bytes.
22:43:08.473Z|4|90A2700* [uastack] OpcUa_TcpStream_DataReady: Read 11680 bytes.
22:43:08.473Z|4|90A2700* [uastack] OpcUa_TcpStream_DataReady: total 11688 bytes (11680 last) of 11680 (w/o header) received.
22:43:08.473Z|4|90A2700* [uastack] OpcUa_TcpConnection_ReadEventHandler: MessageType MESSAGE
22:43:08.473Z|4|90A2700* [uastack] SecureStream - CheckInputHeaderType - Common Service
22:43:08.473Z|4|90A2700* [uastack] ProcessSessionCallResponse: Received chunk with SID 382157620, TID 1
22:43:08.473Z|4|90A2700* [uastack] GetSecurityKeyset: Keysets for token id 1 at channel 382157620 requested.
22:43:08.473Z|4|90A2700* [uastack] OpcUa_SecureStream_AppendInput: Appending buffer at index 0 with data 0x0x7f9004010bb0!
22:43:08.473Z|4|90A2700* [uastack] OpcUa_SecureStream_AppendInput: appended chunk with SN 52, RID 2
22:43:08.473Z|4|90A2700* [uastack] ReleaseSecurityKeyset: Keyset for token 1 released.
22:43:08.473Z|4|90A2700* [uastack] OpcUa_SecureConnection_ProcessSessionCallResponse: All 1 chunks received; start processing!
22:43:08.473Z|4|90A2700* [uastack] OpcUa_Channel_ResponseAvailable: Operation Status 0x0 (async state 0x0x20768c0)
22:43:08.474Z|4|90A2700* [uastack] OpcUa_SecureStream_Read: end of buffer reached: 1 requested, 0 available in buffer; need to skip)!
22:43:08.474Z|4|90A2700* [uastack] OpcUa_Channel_ResponseAvailable: CreateSessionResponse
22:43:08.474Z|4|90A2700* [uastack] OpcUa_Channel_ResponseAvailable: Signalling Response (async state 0x0x20768c0)!
22:43:08.474Z|4|90A2700* [uastack] OpcUa_Channel_ResponseAvailable: Signalling Response Done!
22:43:08.474Z|4|90A2700* [uastack]  * OpcUa_TcpConnection_SocketCallback: Event Handler returned.
22:43:08.474Z|4|95A97E0* DONE OpcUa_ClientApi_CreateSession [ret=0x0,status=0x0]
22:43:08.474Z|6|95A97E0* <-- UaSessionPrivate::createSession [ret=0x0]
22:43:08.474Z|6|95A97E0* --> UaSessionPrivate::activateSession
22:43:08.474Z|7|95A97E0* UaSessionPrivate::activateSession - using endpoint opc.tcp://localhost:48010
22:43:08.474Z|7|95A97E0* UserIdentityToken 0:
22:43:08.474Z|7|95A97E0*   PolicyId: Anonymous
22:43:08.474Z|7|95A97E0*   SecurityPolicyUri: 
22:43:08.474Z|7|95A97E0* UserIdentityToken 1:
22:43:08.474Z|7|95A97E0*   PolicyId: UserName
22:43:08.474Z|7|95A97E0*   SecurityPolicyUri: http://opcfoundation.org/UA/SecurityPolicy#Basic256
22:43:08.474Z|7|95A97E0* UserIdentityToken 2:
22:43:08.474Z|7|95A97E0*   PolicyId: X509
22:43:08.474Z|7|95A97E0*   SecurityPolicyUri: http://opcfoundation.org/UA/SecurityPolicy#Basic256
22:43:08.474Z|4|95A97E0* CALL OpcUa_CryptoProvider_Create for User with http://opcfoundation.org/UA/SecurityPolicy#Basic256
22:43:08.474Z|4|95A97E0* DONE OpcUa_CryptoProvider_Create for User [Result=0x0]
22:43:08.474Z|4|95A97E0* CALL cryptoProviderUser.AsymmetricEncrypt
22:43:08.474Z|4|95A97E0* DONE cryptoProviderUser.AsymmetricEncrypt [Result=0x0]
22:43:08.474Z|4|95A97E0* CALL cryptoProviderUser.AsymmetricEncrypt
22:43:08.496Z|4|95A97E0* DONE cryptoProviderUser.AsymmetricEncrypt [Result=0x0]
22:43:08.496Z|4|95A97E0* CALL OpcUa_ClientApi_ActivateSession
22:43:08.496Z|4|95A97E0* [uastack] OpcUa_SecureConnection_BeginSendRequest: 1 streams now active at channel 382157620
22:43:08.496Z|4|95A97E0* [uastack] GetCurrentSecuritySet: Current Keysets requested. Returned token id is 1
22:43:08.496Z|4|95A97E0* [uastack] ReleaseSecurityKeyset: Keyset for token 1 released.
22:43:08.496Z|4|95A97E0* [uastack] OpcUa_Channel_InvokeService: async state 0x0x20768c0
22:43:08.496Z|4|95A97E0* [uastack] OpcUa_SecureConnection_AddPendingRequest: Added request with Id 3 and timeout 5000 msec
22:43:08.496Z|4|95A97E0* [uastack] OpcUa_SecureConnection_EndSendRequest: ID 3
22:43:08.496Z|4|95A97E0* [uastack] OpcUa_SecureConnection_EndSendRequest: 0 stream remaining at channel 382157620!
22:43:08.496Z|4|95A97E0* [uastack] GetCurrentSecuritySet: Current Keysets requested. Returned token id is 1
22:43:08.496Z|4|95A97E0* [uastack] GetCurrentSecuritySet: Current Keysets requested. Returned token id is 1
22:43:08.496Z|4|95A97E0* [uastack] ReleaseSecurityKeyset: Keyset for token 1 released.
22:43:08.496Z|4|95A97E0* [uastack] ReleaseSecurityKeyset: Keyset for token 1 released.
22:43:08.496Z|4|95A97E0* [uastack] OpcUa_TcpStream_Flush: Flush no. 1 with 5000 max flushes and final flag 1!
22:43:08.496Z|4|95A97E0* [uastack] OpcUa_TcpStream_Flush: Messagelength is 426! Last Call!
22:43:08.496Z|4|95A97E0* [uastack] OpcUa_TcpStream_Flush: Buffer emptied!
22:43:08.496Z|4|95A97E0* [uastack] OpcUa_SecureStream_Flush: Flush number 0! (Last)
22:43:08.502Z|4|90A2700* [uastack]  * OpcUa_TcpConnection_SocketCallback: Socket(20792c0), Port(42972), Data(34050384), Event(OPCUA_SOCKET_READ_EVENT)
22:43:08.502Z|4|90A2700* [uastack] OpcUa_TcpStream_DataReady: Read 8 bytes.
22:43:08.502Z|4|90A2700* [uastack] OpcUa_TcpStream_DataReady: Read 56 bytes.
22:43:08.502Z|4|90A2700* [uastack] OpcUa_TcpStream_DataReady: total 64 bytes (56 last) of 56 (w/o header) received.
22:43:08.502Z|4|90A2700* [uastack] OpcUa_TcpConnection_ReadEventHandler: MessageType MESSAGE
22:43:08.502Z|4|90A2700* [uastack] SecureStream - CheckInputHeaderType - Common Service
22:43:08.502Z|4|90A2700* [uastack] ProcessSessionCallResponse: Received chunk with SID 382157620, TID 1
22:43:08.502Z|4|90A2700* [uastack] GetSecurityKeyset: Keysets for token id 1 at channel 382157620 requested.
22:43:08.502Z|4|90A2700* [uastack] OpcUa_SecureStream_AppendInput: Appending buffer at index 0 with data 0x0x7f9004010bb0!
22:43:08.502Z|4|90A2700* [uastack] OpcUa_SecureStream_AppendInput: appended chunk with SN 53, RID 3
22:43:08.502Z|4|90A2700* [uastack] ReleaseSecurityKeyset: Keyset for token 1 released.
22:43:08.502Z|4|90A2700* [uastack] OpcUa_SecureConnection_ProcessSessionCallResponse: All 1 chunks received; start processing!
22:43:08.502Z|4|90A2700* [uastack] OpcUa_Channel_ResponseAvailable: Operation Status 0x0 (async state 0x0x20768c0)
22:43:08.502Z|4|90A2700* [uastack] OpcUa_SecureStream_Read: end of buffer reached: 1 requested, 0 available in buffer; need to skip)!
22:43:08.502Z|4|90A2700* [uastack] OpcUa_Channel_ResponseAvailable: ActivateSessionResponse
22:43:08.502Z|4|90A2700* [uastack] OpcUa_Channel_ResponseAvailable: Signalling Response (async state 0x0x20768c0)!
22:43:08.502Z|4|90A2700* [uastack] OpcUa_Channel_ResponseAvailable: Signalling Response Done!
22:43:08.502Z|4|90A2700* [uastack]  * OpcUa_TcpConnection_SocketCallback: Event Handler returned.
22:43:08.502Z|4|95A97E0* DONE OpcUa_ClientApi_ActivateSession [ret=0x0,status=0x0]
22:43:08.502Z|6|95A97E0* <-- UaSessionPrivate::activateSession [ret=0x0]
22:43:08.502Z|6|95A97E0* --> UaSessionPrivate::updateNamespaceTable [Session=1]
22:43:08.502Z|4|95A97E0* CALL OpcUa_ClientApi_Read [Session=1]
22:43:08.502Z|4|95A97E0* [uastack] OpcUa_SecureConnection_BeginSendRequest: 1 streams now active at channel 382157620
22:43:08.502Z|4|95A97E0* [uastack] GetCurrentSecuritySet: Current Keysets requested. Returned token id is 1
22:43:08.502Z|4|95A97E0* [uastack] ReleaseSecurityKeyset: Keyset for token 1 released.
22:43:08.502Z|4|95A97E0* [uastack] OpcUa_Channel_InvokeService: async state 0x0x2088080
22:43:08.502Z|4|95A97E0* [uastack] OpcUa_SecureConnection_AddPendingRequest: Added request with Id 4 and timeout 5000 msec
22:43:08.502Z|4|95A97E0* [uastack] OpcUa_SecureConnection_EndSendRequest: ID 4
22:43:08.502Z|4|95A97E0* [uastack] OpcUa_SecureConnection_EndSendRequest: 0 stream remaining at channel 382157620!
22:43:08.502Z|4|95A97E0* [uastack] GetCurrentSecuritySet: Current Keysets requested. Returned token id is 1
22:43:08.502Z|4|95A97E0* [uastack] GetCurrentSecuritySet: Current Keysets requested. Returned token id is 1
22:43:08.502Z|4|95A97E0* [uastack] ReleaseSecurityKeyset: Keyset for token 1 released.
22:43:08.502Z|4|95A97E0* [uastack] ReleaseSecurityKeyset: Keyset for token 1 released.
22:43:08.502Z|4|95A97E0* [uastack] OpcUa_TcpStream_Flush: Flush no. 1 with 5000 max flushes and final flag 1!
22:43:08.502Z|4|95A97E0* [uastack] OpcUa_TcpStream_Flush: Messagelength is 150! Last Call!
22:43:08.502Z|4|95A97E0* [uastack] OpcUa_TcpStream_Flush: Buffer emptied!
22:43:08.503Z|4|95A97E0* [uastack] OpcUa_SecureStream_Flush: Flush number 0! (Last)
22:43:08.503Z|4|90A2700* [uastack]  * OpcUa_TcpConnection_SocketCallback: Socket(20792c0), Port(42972), Data(34050384), Event(OPCUA_SOCKET_READ_EVENT)
22:43:08.503Z|4|90A2700* [uastack] OpcUa_TcpStream_DataReady: Read 8 bytes.
22:43:08.503Z|4|90A2700* [uastack] OpcUa_TcpStream_DataReady: Read 399 bytes.
22:43:08.503Z|4|90A2700* [uastack] OpcUa_TcpStream_DataReady: total 407 bytes (399 last) of 399 (w/o header) received.
22:43:08.503Z|4|90A2700* [uastack] OpcUa_TcpConnection_ReadEventHandler: MessageType MESSAGE
22:43:08.503Z|4|90A2700* [uastack] SecureStream - CheckInputHeaderType - Common Service
22:43:08.503Z|4|90A2700* [uastack] ProcessSessionCallResponse: Received chunk with SID 382157620, TID 1
22:43:08.503Z|4|90A2700* [uastack] GetSecurityKeyset: Keysets for token id 1 at channel 382157620 requested.
22:43:08.503Z|4|90A2700* [uastack] OpcUa_SecureStream_AppendInput: Appending buffer at index 0 with data 0x0x7f9004010bb0!
22:43:08.503Z|4|90A2700* [uastack] OpcUa_SecureStream_AppendInput: appended chunk with SN 54, RID 4
22:43:08.503Z|4|90A2700* [uastack] ReleaseSecurityKeyset: Keyset for token 1 released.
22:43:08.503Z|4|90A2700* [uastack] OpcUa_SecureConnection_ProcessSessionCallResponse: All 1 chunks received; start processing!
22:43:08.503Z|4|90A2700* [uastack] OpcUa_Channel_ResponseAvailable: Operation Status 0x0 (async state 0x0x2088080)
22:43:08.503Z|4|90A2700* [uastack] OpcUa_SecureStream_Read: end of buffer reached: 1 requested, 0 available in buffer; need to skip)!
22:43:08.503Z|4|90A2700* [uastack] OpcUa_Channel_ResponseAvailable: ReadResponse
22:43:08.503Z|4|90A2700* [uastack] OpcUa_Channel_ResponseAvailable: Signalling Response (async state 0x0x2088080)!
22:43:08.503Z|4|90A2700* [uastack] OpcUa_Channel_ResponseAvailable: Signalling Response Done!
22:43:08.503Z|4|90A2700* [uastack]  * OpcUa_TcpConnection_SocketCallback: Event Handler returned.
22:43:08.503Z|4|95A97E0* DONE OpcUa_ClientApi_Read [ret=0x0,status=0x0]
22:43:08.503Z|6|95A97E0* <-- UaSessionPrivate::updateNamespaceTable
22:43:08.503Z|4|95A97E0* CALL SessionCallback::connectionStatusChanged (Connected)
22:43:08.503Z|4|95A97E0* DONE SessionCallback::connectionStatusChanged
22:43:08.504Z|6|95A97E0* <-- UaSession::connect [ret=0x0]
22:43:08.504Z|6|95A97E0* --> UaSession::read count=1 [Session=1]
22:43:08.504Z|7|95A97E0* Read 1 nodes
22:43:08.504Z|4|8D78700* ==> UaSessionPrivate::run() [Session=1]
22:43:08.504Z|7|95A97E0*   Node[0] NodeId=i=2255 AtrId=13
22:43:08.504Z|4|95A97E0* CALL OpcUa_ClientApi_Read
22:43:08.504Z|4|95A97E0* [uastack] OpcUa_SecureConnection_BeginSendRequest: 1 streams now active at channel 382157620
22:43:08.504Z|4|95A97E0* [uastack] GetCurrentSecuritySet: Current Keysets requested. Returned token id is 1
22:43:08.504Z|4|95A97E0* [uastack] ReleaseSecurityKeyset: Keyset for token 1 released.
22:43:08.504Z|4|95A97E0* [uastack] OpcUa_Channel_InvokeService: async state 0x0x2088010
22:43:08.504Z|4|95A97E0* [uastack] OpcUa_SecureConnection_AddPendingRequest: Added request with Id 5 and timeout 10000 msec
22:43:08.504Z|4|95A97E0* [uastack] OpcUa_SecureConnection_EndSendRequest: ID 5
22:43:08.504Z|4|95A97E0* [uastack] OpcUa_SecureConnection_EndSendRequest: 0 stream remaining at channel 382157620!
22:43:08.504Z|4|95A97E0* [uastack] GetCurrentSecuritySet: Current Keysets requested. Returned token id is 1
22:43:08.504Z|4|95A97E0* [uastack] GetCurrentSecuritySet: Current Keysets requested. Returned token id is 1
22:43:08.504Z|4|95A97E0* [uastack] ReleaseSecurityKeyset: Keyset for token 1 released.
22:43:08.504Z|4|95A97E0* [uastack] ReleaseSecurityKeyset: Keyset for token 1 released.
22:43:08.504Z|4|95A97E0* [uastack] OpcUa_TcpStream_Flush: Flush no. 1 with 5000 max flushes and final flag 1!
22:43:08.504Z|4|95A97E0* [uastack] OpcUa_TcpStream_Flush: Messagelength is 96! Last Call!
22:43:08.504Z|4|95A97E0* [uastack] OpcUa_TcpStream_Flush: Buffer emptied!
22:43:08.504Z|4|95A97E0* [uastack] OpcUa_SecureStream_Flush: Flush number 0! (Last)
22:43:08.504Z|4|90A2700* [uastack]  * OpcUa_TcpConnection_SocketCallback: Socket(20792c0), Port(42972), Data(34050384), Event(OPCUA_SOCKET_READ_EVENT)
22:43:08.504Z|4|90A2700* [uastack] OpcUa_TcpStream_DataReady: Read 8 bytes.
22:43:08.504Z|4|90A2700* [uastack] OpcUa_TcpStream_DataReady: Read 397 bytes.
22:43:08.504Z|4|90A2700* [uastack] OpcUa_TcpStream_DataReady: total 405 bytes (397 last) of 397 (w/o header) received.
22:43:08.504Z|4|90A2700* [uastack] OpcUa_TcpConnection_ReadEventHandler: MessageType MESSAGE
22:43:08.504Z|4|90A2700* [uastack] SecureStream - CheckInputHeaderType - Common Service
22:43:08.504Z|4|90A2700* [uastack] ProcessSessionCallResponse: Received chunk with SID 382157620, TID 1
22:43:08.505Z|4|90A2700* [uastack] GetSecurityKeyset: Keysets for token id 1 at channel 382157620 requested.
22:43:08.505Z|4|90A2700* [uastack] OpcUa_SecureStream_AppendInput: Appending buffer at index 0 with data 0x0x7f9004010bb0!
22:43:08.505Z|4|90A2700* [uastack] OpcUa_SecureStream_AppendInput: appended chunk with SN 55, RID 5
22:43:08.505Z|4|90A2700* [uastack] ReleaseSecurityKeyset: Keyset for token 1 released.
22:43:08.505Z|4|90A2700* [uastack] OpcUa_SecureConnection_ProcessSessionCallResponse: All 1 chunks received; start processing!
22:43:08.505Z|4|90A2700* [uastack] OpcUa_Channel_ResponseAvailable: Operation Status 0x0 (async state 0x0x2088010)
22:43:08.505Z|4|90A2700* [uastack] OpcUa_SecureStream_Read: end of buffer reached: 1 requested, 0 available in buffer; need to skip)!
22:43:08.505Z|4|90A2700* [uastack] OpcUa_Channel_ResponseAvailable: ReadResponse
22:43:08.505Z|4|90A2700* [uastack] OpcUa_Channel_ResponseAvailable: Signalling Response (async state 0x0x2088010)!
22:43:08.505Z|4|90A2700* [uastack] OpcUa_Channel_ResponseAvailable: Signalling Response Done!
22:43:08.505Z|4|90A2700* [uastack]  * OpcUa_TcpConnection_SocketCallback: Event Handler returned.
22:43:08.505Z|4|95A97E0* DONE OpcUa_ClientApi_Read [ret=0x0,status=0x0]
22:43:08.505Z|7|95A97E0* Read results for 1 nodes
22:43:08.505Z|7|95A97E0*   Node[0] Value={'http://opcfoundation.org/UA/','urn:tehanu.nevis.columbia.edu:UnifiedAutomation:UaServerCpp','http://www.unifiedautomation.com/DemoServer/','urn:UnifiedAutomation:CppDemoServer:BuildingAutomation','http://www.unifiedautomation.com/DemoServer/AccessPer... Status=0x0
22:43:08.505Z|6|95A97E0* <-- UaSession::read [ret=0x0]
22:43:13.115Z|6|95A97E0* --> UaSession::disconnect [Session=1]
22:43:13.115Z|4|95A97E0* UaSession::disconnect wait for Session thread termination
22:43:13.121Z|4|8D78700* <== UaSessionPrivate::run()
22:43:13.121Z|4|95A97E0* UaSession::disconnect Session thread not longer running
22:43:13.121Z|6|95A97E0* --> UaSessionPrivate::waitForTransactionCompletion [Session=1]
22:43:13.121Z|6|95A97E0* <-- UaSessionPrivate::waitForTransactionCompletion
22:43:13.121Z|4|95A97E0* CALL OpcUa_ClientApi_CloseSession
22:43:13.121Z|4|95A97E0* [uastack] OpcUa_SecureConnection_BeginSendRequest: 1 streams now active at channel 382157620
22:43:13.121Z|4|95A97E0* [uastack] GetCurrentSecuritySet: Current Keysets requested. Returned token id is 1
22:43:13.121Z|4|95A97E0* [uastack] ReleaseSecurityKeyset: Keyset for token 1 released.
22:43:13.121Z|4|95A97E0* [uastack] OpcUa_Channel_InvokeService: async state 0x0x20768c0
22:43:13.121Z|4|95A97E0* [uastack] OpcUa_SecureConnection_AddPendingRequest: Added request with Id 6 and timeout 10000 msec
22:43:13.121Z|4|95A97E0* [uastack] OpcUa_SecureConnection_EndSendRequest: ID 6
22:43:13.121Z|4|95A97E0* [uastack] OpcUa_SecureConnection_EndSendRequest: 0 stream remaining at channel 382157620!
22:43:13.121Z|4|95A97E0* [uastack] GetCurrentSecuritySet: Current Keysets requested. Returned token id is 1
22:43:13.121Z|4|95A97E0* [uastack] GetCurrentSecuritySet: Current Keysets requested. Returned token id is 1
22:43:13.121Z|4|95A97E0* [uastack] ReleaseSecurityKeyset: Keyset for token 1 released.
22:43:13.121Z|4|95A97E0* [uastack] ReleaseSecurityKeyset: Keyset for token 1 released.
22:43:13.121Z|4|95A97E0* [uastack] OpcUa_TcpStream_Flush: Flush no. 1 with 5000 max flushes and final flag 1!
22:43:13.121Z|4|95A97E0* [uastack] OpcUa_TcpStream_Flush: Messagelength is 63! Last Call!
22:43:13.121Z|4|95A97E0* [uastack] OpcUa_TcpStream_Flush: Buffer emptied!
22:43:13.121Z|4|95A97E0* [uastack] OpcUa_SecureStream_Flush: Flush number 0! (Last)
22:43:13.122Z|4|90A2700* [uastack]  * OpcUa_TcpConnection_SocketCallback: Socket(20792c0), Port(42972), Data(34050384), Event(OPCUA_SOCKET_READ_EVENT)
22:43:13.122Z|4|90A2700* [uastack] OpcUa_TcpStream_DataReady: Read 8 bytes.
22:43:13.122Z|4|90A2700* [uastack] OpcUa_TcpStream_DataReady: Read 44 bytes.
22:43:13.122Z|4|90A2700* [uastack] OpcUa_TcpStream_DataReady: total 52 bytes (44 last) of 44 (w/o header) received.
22:43:13.122Z|4|90A2700* [uastack] OpcUa_TcpConnection_ReadEventHandler: MessageType MESSAGE
22:43:13.122Z|4|90A2700* [uastack] SecureStream - CheckInputHeaderType - Common Service
22:43:13.122Z|4|90A2700* [uastack] ProcessSessionCallResponse: Received chunk with SID 382157620, TID 1
22:43:13.122Z|4|90A2700* [uastack] GetSecurityKeyset: Keysets for token id 1 at channel 382157620 requested.
22:43:13.122Z|4|90A2700* [uastack] OpcUa_SecureStream_AppendInput: Appending buffer at index 0 with data 0x0x7f9004010bb0!
22:43:13.122Z|4|90A2700* [uastack] OpcUa_SecureStream_AppendInput: appended chunk with SN 56, RID 6
22:43:13.122Z|4|90A2700* [uastack] ReleaseSecurityKeyset: Keyset for token 1 released.
22:43:13.122Z|4|90A2700* [uastack] OpcUa_SecureConnection_ProcessSessionCallResponse: All 1 chunks received; start processing!
22:43:13.122Z|4|90A2700* [uastack] OpcUa_Channel_ResponseAvailable: Operation Status 0x0 (async state 0x0x20768c0)
22:43:13.122Z|4|90A2700* [uastack] OpcUa_SecureStream_Read: end of buffer reached: 1 requested, 0 available in buffer; need to skip)!
22:43:13.122Z|4|90A2700* [uastack] OpcUa_Channel_ResponseAvailable: CloseSessionResponse
22:43:13.122Z|4|90A2700* [uastack] OpcUa_Channel_ResponseAvailable: Signalling Response (async state 0x0x20768c0)!
22:43:13.122Z|4|90A2700* [uastack] OpcUa_Channel_ResponseAvailable: Signalling Response Done!
22:43:13.122Z|4|90A2700* [uastack]  * OpcUa_TcpConnection_SocketCallback: Event Handler returned.
22:43:13.122Z|4|95A97E0* DONE OpcUa_ClientApi_CloseSession [ret=0x0,status=0x0]
22:43:13.122Z|4|95A97E0* CALL SessionCallback::connectionStatusChanged (Disconnected)
22:43:13.122Z|4|95A97E0* DONE SessionCallback::connectionStatusChanged
22:43:13.122Z|4|95A97E0* CALL OpcUa_Channel_Disconnect
22:43:13.122Z|4|95A97E0* [uastack] OpcUa_Channel_Disconnect: async state 0x0x2088080
22:43:13.122Z|4|95A97E0* [uastack] OpcUa_Channel_BeginDisconnect: Beginning to disconnect channel 0x0x2077eb0!
22:43:13.122Z|4|95A97E0* [uastack] OpcUa_SecureConnection_Disconnect: Disconnecting!
22:43:13.122Z|4|95A97E0* [uastack] OpcUa_SecureConnection_BeginSendCloseSecureChannelRequest: 1 streams now active at channel 382157620
22:43:13.122Z|4|95A97E0* [uastack] GetCurrentSecuritySet: Current Keysets requested. Returned token id is 1
22:43:13.122Z|4|95A97E0* [uastack] ReleaseSecurityKeyset: Keyset for token 1 released.
22:43:13.123Z|4|95A97E0* [uastack] OpcUa_SecureConnection_EndSendRequest: ID 7
22:43:13.123Z|4|95A97E0* [uastack] OpcUa_SecureConnection_EndSendRequest: 0 stream remaining at channel 382157620!
22:43:13.123Z|4|95A97E0* [uastack] GetCurrentSecuritySet: Current Keysets requested. Returned token id is 1
22:43:13.123Z|4|95A97E0* [uastack] GetCurrentSecuritySet: Current Keysets requested. Returned token id is 1
22:43:13.123Z|4|95A97E0* [uastack] ReleaseSecurityKeyset: Keyset for token 1 released.
22:43:13.123Z|4|95A97E0* [uastack] ReleaseSecurityKeyset: Keyset for token 1 released.
22:43:13.123Z|4|95A97E0* [uastack] OpcUa_TcpStream_Flush: Flush no. 1 with 5000 max flushes and final flag 1!
22:43:13.123Z|4|95A97E0* [uastack] OpcUa_TcpStream_Flush: Messagelength is 57! Last Call!
22:43:13.123Z|4|95A97E0* [uastack] OpcUa_TcpStream_Flush: Buffer emptied!
22:43:13.123Z|4|95A97E0* [uastack] OpcUa_SecureStream_Flush: Flush number 0! (Last)
22:43:13.123Z|4|95A97E0* [uastack] OpcUa_SecureConnection_Disconnect: Disconnecting transport.
22:43:13.123Z|4|95A97E0* [uastack] OpcUa_TcpConnection_Disconnect: State 2
22:43:13.123Z|4|95A97E0* [uastack] OpcUa_P_Socket_Shutdown: Shutting down socket 0x020792C0!
22:43:13.123Z|4|95A97E0* [uastack] OpcUa_P_Socket_Shutdown: Socket closed asynchronously
22:43:13.123Z|4|95A97E0* [uastack] OpcUa_TcpConnection_Disconnect: Async disconnect
22:43:13.123Z|4|95A97E0* [uastack] OpcUa_SecureConnection_CancelOpenRequests: Canceling 0 open requests.
22:43:13.123Z|4|90A2700* [uastack] OpcUa_Socket_HandleEvent: Socket shut down; ignoring read event (2)
22:43:13.123Z|4|90A2700* [uastack]  * OpcUa_TcpConnection_SocketCallback: Socket(20792c0), Port(42972), Data(34050384), Event(OPCUA_SOCKET_CLOSE_EVENT)
22:43:13.123Z|4|90A2700* [uastack] OpcUa_Channel_OnNotify: Underlying connection raised disconnect event!
22:43:13.123Z|4|90A2700* [uastack] OpcUa_Channel_OnNotify: Notifying application!
22:43:13.123Z|4|90A2700* [uastack] OpcUa_Channel_InternalDisconnectComplete called (async state 0x0x2088080)!
22:43:13.123Z|4|90A2700* [uastack] OpcUa_Channel_OnNotify: Notifying application done!
22:43:13.123Z|4|90A2700* [uastack]  * OpcUa_TcpConnection_SocketCallback: Event Handler returned.
22:43:13.123Z|4|90A2700* [uastack] OpcUa_P_Socket_Delete: Closing socket 0x020792C0!
22:43:13.123Z|4|95A97E0* [uastack] OpcUa_Channel_Disconnect: Woke up with status 0x00000000
22:43:13.123Z|4|95A97E0* DONE OpcUa_Channel_Disconnect [ret=0x0]
22:43:13.123Z|6|95A97E0* <-- UaSession::disconnect [ret=0x0]
22:43:13.123Z|5|95A97E0* --> Dtor UaSession
22:43:13.123Z|6|95A97E0* --> UaSessionPrivate::waitForTransactionCompletion [Session=1]
22:43:13.123Z|6|95A97E0* <-- UaSessionPrivate::waitForTransactionCompletion
22:43:13.123Z|4|95A97E0* CALL OpcUa_Channel_Delete
22:43:13.123Z|4|95A97E0* [uastack] OpcUa_Channel_Clear: waiting for channel access
22:43:13.123Z|4|95A97E0* [uastack] OpcUa_Channel_Clear: deleting transport connection
22:43:13.123Z|4|95A97E0* [uastack] OpcUa_TcpConnection_Delete: Stopping communication.
22:43:13.123Z|4|90A2700* [uastack] NetworkThread: Stopped by stop flag.
22:43:13.123Z|4|95A97E0* [uastack] OpcUa_TcpConnection_Delete: Communication stopped.
22:43:13.123Z|4|95A97E0* [uastack] OpcUa_Channel_Clear: transport connection deleted
22:43:13.123Z|4|95A97E0* [uastack] OpcUa_Channel_Clear: deleting secure connection
22:43:13.123Z|4|95A97E0* [uastack] OpcUa_SecureConnection_CancelOpenRequests: Canceling 0 open requests.
22:43:13.123Z|4|95A97E0* [uastack] OpcUa_Channel_Clear: secure connection deleted
22:43:13.123Z|4|95A97E0* [uastack] OpcUa_Channel_Clear: done
22:43:13.123Z|4|95A97E0* DONE OpcUa_Channel_Delete
22:43:13.124Z|5|95A97E0* <-- Dtor UaSession
